[    0.000000] Linux version 4.15.0-62-generic (buildd@lcy01-amd64-024) (gcc version 7.4.0 (Ubuntu 7.4.0-1ubuntu1~18.04.1)) #69-Ubuntu SMP Wed Sep 4 20:55:53 UTC 2019 (Ubuntu 4.15.0-62.69-generic 4.15.18)
[    0.000000] Command line: BOOT_IMAGE=/boot/vmlinuz-4.15.0-62-generic root=LABEL=cloudimg-rootfs ro console=tty1 console=ttyS0
[    0.000000] KERNEL supported cpus:
[    0.000000]   Intel GenuineIntel
[    0.000000]   AMD AuthenticAMD
[    0.000000]   Centaur CentaurHauls
[    0.000000] x86/fpu: Supporting XSAVE feature 0x001: 'x87 floating point registers'
[    0.000000] x86/fpu: Supporting XSAVE feature 0x002: 'SSE registers'
[    0.000000] x86/fpu: Supporting XSAVE feature 0x004: 'AVX registers'
[    0.000000] x86/fpu: xstate_offset[2]:  576, xstate_sizes[2]:  256
[    0.000000] x86/fpu: Enabled xstate features 0x7, context size is 832 bytes, using 'standard' format.
[    0.000000] e820: BIOS-provided physical RAM map:
[    0.000000] BIOS-e820: [mem 0x0000000000000000-0x000000000009fbff] usable
[    0.000000] BIOS-e820: [mem 0x000000000009fc00-0x000000000009ffff] reserved
[    0.000000] BIOS-e820: [mem 0x00000000000f0000-0x00000000000fffff] reserved
[    0.000000] BIOS-e820: [mem 0x0000000000100000-0x00000000bffeffff] usable
[    0.000000] BIOS-e820: [mem 0x00000000bfff0000-0x00000000bfffffff] ACPI data
[    0.000000] BIOS-e820: [mem 0x00000000fec00000-0x00000000fec00fff] reserved
[    0.000000] BIOS-e820: [mem 0x00000000fee00000-0x00000000fee00fff] reserved
[    0.000000] BIOS-e820: [mem 0x00000000fffc0000-0x00000000ffffffff] reserved
[    0.000000] NX (Execute Disable) protection: active
[    0.000000] SMBIOS 2.5 present.
[    0.000000] DMI: innotek GmbH VirtualBox/VirtualBox, BIOS VirtualBox 12/01/2006
[    0.000000] Hypervisor detected: KVM
[    0.000000] e820: last_pfn = 0xbfff0 max_arch_pfn = 0x400000000
[    0.000000] MTRR: Disabled
[    0.000000] x86/PAT: MTRRs disabled, skipping PAT initialization too.
[    0.000000] CPU MTRRs all blank - virtualized system.
[    0.000000] x86/PAT: Configuration [0-7]: WB  WT  UC- UC  WB  WT  UC- UC  
[    0.000000] found SMP MP-table at [mem 0x0009fff0-0x0009ffff]
[    0.000000] Scanning 1 areas for low memory corruption
[    0.000000] RAMDISK: [mem 0x35a8b000-0x36d3cfff]
[    0.000000] ACPI: Early table checksum verification disabled
[    0.000000] ACPI: RSDP 0x00000000000E0000 000024 (v02 VBOX  )
[    0.000000] ACPI: XSDT 0x00000000BFFF0030 00003C (v01 VBOX   VBOXXSDT 00000001 ASL  00000061)
[    0.000000] ACPI: FACP 0x00000000BFFF00F0 0000F4 (v04 VBOX   VBOXFACP 00000001 ASL  00000061)
[    0.000000] ACPI: DSDT 0x00000000BFFF0470 0022EA (v02 VBOX   VBOXBIOS 00000002 INTL 20180105)
[    0.000000] ACPI: FACS 0x00000000BFFF0200 000040
[    0.000000] ACPI: FACS 0x00000000BFFF0200 000040
[    0.000000] ACPI: APIC 0x00000000BFFF0240 00005C (v02 VBOX   VBOXAPIC 00000001 ASL  00000061)
[    0.000000] ACPI: SSDT 0x00000000BFFF02A0 0001CC (v01 VBOX   VBOXCPUT 00000002 INTL 20180105)
[    0.000000] No NUMA configuration found
[    0.000000] Faking a node at [mem 0x0000000000000000-0x00000000bffeffff]
[    0.000000] NODE_DATA(0) allocated [mem 0xbffc5000-0xbffeffff]
[    0.000000] kvm-clock: cpu 0, msr 0:bff44001, primary cpu clock
[    0.000000] kvm-clock: Using msrs 4b564d01 and 4b564d00
[    0.000000] kvm-clock: using sched offset of 4190234442 cycles
[    0.000000] clocksource: kvm-clock: mask: 0xffffffffffffffff max_cycles: 0x1cd42e4dffb, max_idle_ns: 881590591483 ns
[    0.000000] Zone ranges:
[    0.000000]   DMA      [mem 0x0000000000001000-0x0000000000ffffff]
[    0.000000]   DMA32    [mem 0x0000000001000000-0x00000000bffeffff]
[    0.000000]   Normal   empty
[    0.000000]   Device   empty
[    0.000000] Movable zone start for each node
[    0.000000] Early memory node ranges
[    0.000000]   node   0: [mem 0x0000000000001000-0x000000000009efff]
[    0.000000]   node   0: [mem 0x0000000000100000-0x00000000bffeffff]
[    0.000000] Reserved but unavailable: 98 pages
[    0.000000] Initmem setup node 0 [mem 0x0000000000001000-0x00000000bffeffff]
[    0.000000] ACPI: PM-Timer IO Port: 0x4008
[    0.000000] IOAPIC[0]: apic_id 2, version 32, address 0xfec00000, GSI 0-23
[    0.000000] ACPI: INT_SRC_OVR (bus 0 bus_irq 0 global_irq 2 dfl dfl)
[    0.000000] ACPI: INT_SRC_OVR (bus 0 bus_irq 9 global_irq 9 low level)
[    0.000000] Using ACPI (MADT) for SMP configuration information
[    0.000000] smpboot: Allowing 2 CPUs, 0 hotplug CPUs
[    0.000000] PM: Registered nosave memory: [mem 0x00000000-0x00000fff]
[    0.000000] PM: Registered nosave memory: [mem 0x0009f000-0x0009ffff]
[    0.000000] PM: Registered nosave memory: [mem 0x000a0000-0x000effff]
[    0.000000] PM: Registered nosave memory: [mem 0x000f0000-0x000fffff]
[    0.000000] e820: [mem 0xc0000000-0xfebfffff] available for PCI devices
[    0.000000] Booting paravirtualized kernel on KVM
[    0.000000] clocksource: refined-jiffies: mask: 0xffffffff max_cycles: 0xffffffff, max_idle_ns: 7645519600211568 ns
[    0.000000] random: get_random_bytes called from start_kernel+0x99/0x4fd with crng_init=0
[    0.000000] setup_percpu: NR_CPUS:8192 nr_cpumask_bits:2 nr_cpu_ids:2 nr_node_ids:1
[    0.000000] percpu: Embedded 46 pages/cpu s151552 r8192 d28672 u1048576
[    0.000000] PV qspinlock hash table entries: 256 (order: 0, 4096 bytes)
[    0.000000] Built 1 zonelists, mobility grouping on.  Total pages: 774009
[    0.000000] Policy zone: DMA32
[    0.000000] Kernel command line: BOOT_IMAGE=/boot/vmlinuz-4.15.0-62-generic root=LABEL=cloudimg-rootfs ro console=tty1 console=ttyS0
[    0.000000] Memory: 3047824K/3145272K available (12300K kernel code, 2481K rwdata, 4172K rodata, 2436K init, 2384K bss, 97448K reserved, 0K cma-reserved)
[    0.000000] SLUB: HWalign=64, Order=0-3, MinObjects=0, CPUs=2, Nodes=1
[    0.000000] Kernel/User page tables isolation: enabled
[    0.000000] ftrace: allocating 39306 entries in 154 pages
[    0.004000] Hierarchical RCU implementation.
[    0.004000] 	RCU restricting CPUs from NR_CPUS=8192 to nr_cpu_ids=2.
[    0.004000] 	Tasks RCU enabled.
[    0.004000] RCU: Adjusting geometry for rcu_fanout_leaf=16, nr_cpu_ids=2
[    0.004000] NR_IRQS: 524544, nr_irqs: 440, preallocated irqs: 16
[    0.004000] Console: colour VGA+ 80x25
[    0.004000] console [tty1] enabled
[    0.004000] console [ttyS0] enabled
[    0.004000] ACPI: Core revision 20170831
[    0.004000] ACPI: 2 ACPI AML tables successfully acquired and loaded
[    0.004000] APIC: Switch to symmetric I/O mode setup
[    0.004000] x2apic enabled
[    0.004000] Switched APIC routing to physical x2apic.
[    0.004000] ..TIMER: vector=0x30 apic1=0 pin1=2 apic2=-1 pin2=-1
[    0.004007] tsc: Detected 3410.014 MHz processor
[    0.008016] Calibrating delay loop (skipped) preset value.. 6820.02 BogoMIPS (lpj=13640056)
[    0.010846] pid_max: default: 32768 minimum: 301
[    0.012047] Security Framework initialized
[    0.013510] Yama: becoming mindful.
[    0.014811] AppArmor: AppArmor initialized
[    0.017728] Dentry cache hash table entries: 524288 (order: 10, 4194304 bytes)
[    0.020919] Inode-cache hash table entries: 262144 (order: 9, 2097152 bytes)
[    0.022687] Mount-cache hash table entries: 8192 (order: 4, 65536 bytes)
[    0.024017] Mountpoint-cache hash table entries: 8192 (order: 4, 65536 bytes)
[    0.026191] Last level iTLB entries: 4KB 512, 2MB 8, 4MB 8
[    0.028004] Last level dTLB entries: 4KB 512, 2MB 32, 4MB 32, 1GB 0
[    0.029682] Spectre V1 : Mitigation: usercopy/swapgs barriers and __user pointer sanitization
[    0.032004] Spectre V2 : Mitigation: Full generic retpoline
[    0.033478] Spectre V2 : Spectre v2 / SpectreRSB mitigation: Filling RSB on context switch
[    0.035624] Speculative Store Bypass: Vulnerable
[    0.036073] MDS: Mitigation: Clear CPU buffers
[    0.037499] Freeing SMP alternatives memory: 36K
[    0.044000] smpboot: CPU0: Intel(R) Core(TM) i5-3570K CPU @ 3.40GHz (family: 0x6, model: 0x3a, stepping: 0x9)
[    0.044000] Performance Events: unsupported p6 CPU model 58 no PMU driver, software events only.
[    0.044070] Hierarchical SRCU implementation.
[    0.046007] NMI watchdog: Perf event create on CPU 0 failed with -2
[    0.048004] NMI watchdog: Perf NMI watchdog permanently disabled
[    0.049578] smp: Bringing up secondary CPUs ...
[    0.052736] x86: Booting SMP configuration:
[    0.056012] .... node  #0, CPUs:      #1
[    0.004000] kvm-clock: cpu 1, msr 0:bff44041, secondary cpu clock
[    0.079158] smp: Brought up 1 node, 2 CPUs
[    0.080011] smpboot: Max logical packages: 1
[    0.084008] smpboot: Total of 2 processors activated (13640.05 BogoMIPS)
[    0.088291] devtmpfs: initialized
[    0.089986] x86/mm: Memory block size: 128MB
[    0.092381] evm: security.selinux
[    0.096007] evm: security.SMACK64
[    0.097833] evm: security.SMACK64EXEC
[    0.100004] evm: security.SMACK64TRANSMUTE
[    0.102251] evm: security.SMACK64MMAP
[    0.104004] evm: security.apparmor
[    0.105590] evm: security.ima
[    0.106747] evm: security.capability
[    0.112227] clocksource: jiffies: mask: 0xffffffff max_cycles: 0xffffffff, max_idle_ns: 7645041785100000 ns
[    0.116026] futex hash table entries: 512 (order: 3, 32768 bytes)
[    0.120000] pinctrl core: initialized pinctrl subsystem
[    0.120167] RTC time:  1:28:13, date: 11/15/19
[    0.122473] NET: Registered protocol family 16
[    0.124110] audit: initializing netlink subsys (disabled)
[    0.128012] audit: type=2000 audit(1573781299.642:1): state=initialized audit_enabled=0 res=1
[    0.130050] cpuidle: using governor ladder
[    0.132015] cpuidle: using governor menu
[    0.133689] ACPI: bus type PCI registered
[    0.135260] acpiphp: ACPI Hot Plug PCI Controller Driver version: 0.5
[    0.136135] PCI: Using configuration type 1 for base access
[    0.141404] HugeTLB registered 2.00 MiB page size, pre-allocated 0 pages
[    0.144121] ACPI: Added _OSI(Module Device)
[    0.146068] ACPI: Added _OSI(Processor Device)
[    0.148007] ACPI: Added _OSI(3.0 _SCP Extensions)
[    0.149890] ACPI: Added _OSI(Processor Aggregator Device)
[    0.152008] ACPI: Added _OSI(Linux-Dell-Video)
[    0.153875] ACPI: Added _OSI(Linux-Lenovo-NV-HDMI-Audio)
[    0.156006] ACPI: Added _OSI(Linux-HPI-Hybrid-Graphics)
[    0.160383] ACPI: Executed 1 blocks of module-level executable AML code
[    0.164782] ACPI: Interpreter enabled
[    0.168021] ACPI: (supports S0 S5)
[    0.172007] ACPI: Using IOAPIC for interrupt routing
[    0.173514] PCI: Using host bridge windows from ACPI; if necessary, use "pci=nocrs" and report a bug
[    0.176241] ACPI: Enabled 2 GPEs in block 00 to 07
[    0.189046] ACPI: PCI Root Bridge [PCI0] (domain 0000 [bus 00-ff])
[    0.190478] acpi PNP0A03:00: _OSC: OS supports [ASPM ClockPM Segments MSI]
[    0.192717] acpi PNP0A03:00: _OSC: not requesting OS control; OS requires [ExtendedConfig ASPM ClockPM MSI]
[    0.196023] acpi PNP0A03:00: fail to add MMCONFIG information, can't access extended PCI configuration space under this bridge.
[    0.204443] PCI host bridge to bus 0000:00
[    0.205901] pci_bus 0000:00: root bus resource [io  0x0000-0x0cf7 window]
[    0.208006] pci_bus 0000:00: root bus resource [io  0x0d00-0xffff window]
[    0.209493] pci_bus 0000:00: root bus resource [mem 0x000a0000-0x000bffff window]
[    0.211376] pci_bus 0000:00: root bus resource [mem 0xc0000000-0xfdffffff window]
[    0.212006] pci_bus 0000:00: root bus resource [bus 00-ff]
[    0.218423] pci 0000:00:01.1: legacy IDE quirk: reg 0x10: [io  0x01f0-0x01f7]
[    0.220006] pci 0000:00:01.1: legacy IDE quirk: reg 0x14: [io  0x03f6]
[    0.222327] pci 0000:00:01.1: legacy IDE quirk: reg 0x18: [io  0x0170-0x0177]
[    0.224005] pci 0000:00:01.1: legacy IDE quirk: reg 0x1c: [io  0x0376]
[    0.272920] pci 0000:00:07.0: quirk: [io  0x4000-0x403f] claimed by PIIX4 ACPI
[    0.276025] pci 0000:00:07.0: quirk: [io  0x4100-0x410f] claimed by PIIX4 SMB
[    0.313384] ACPI: PCI Interrupt Link [LNKA] (IRQs 5 9 10 *11)
[    0.316428] ACPI: PCI Interrupt Link [LNKB] (IRQs 5 9 *10 11)
[    0.317921] ACPI: PCI Interrupt Link [LNKC] (IRQs 5 *9 10 11)
[    0.319564] ACPI: PCI Interrupt Link [LNKD] (IRQs 5 9 10 *11)
[    0.320567] SCSI subsystem initialized
[    0.321508] pci 0000:00:02.0: vgaarb: setting as boot VGA device
[    0.321508] pci 0000:00:02.0: vgaarb: VGA device added: decodes=io+mem,owns=io+mem,locks=none
[    0.324017] pci 0000:00:02.0: vgaarb: bridge control possible
[    0.325254] vgaarb: loaded
[    0.325982] ACPI: bus type USB registered
[    0.328034] usbcore: registered new interface driver usbfs
[    0.329205] usbcore: registered new interface driver hub
[    0.330387] usbcore: registered new device driver usb
[    0.332096] EDAC MC: Ver: 3.0.0
[    0.333071] PCI: Using ACPI for IRQ routing
[    0.333339] NetLabel: Initializing
[    0.334231] NetLabel:  domain hash size = 128
[    0.336004] NetLabel:  protocols = UNLABELED CIPSOv4 CALIPSO
[    0.337224] NetLabel:  unlabeled traffic allowed by default
[    0.338468] clocksource: Switched to clocksource kvm-clock
[    0.354036] VFS: Disk quotas dquot_6.6.0
[    0.355091] VFS: Dquot-cache hash table entries: 512 (order 0, 4096 bytes)
[    0.356671] AppArmor: AppArmor Filesystem Enabled
[    0.357780] pnp: PnP ACPI init
[    0.359885] pnp: PnP ACPI: found 3 devices
[    0.372505] clocksource: acpi_pm: mask: 0xffffff max_cycles: 0xffffff, max_idle_ns: 2085701024 ns
[    0.379893] NET: Registered protocol family 2
[    0.382570] TCP established hash table entries: 32768 (order: 6, 262144 bytes)
[    0.393309] TCP bind hash table entries: 32768 (order: 7, 524288 bytes)
[    0.396012] TCP: Hash tables configured (established 32768 bind 32768)
[    0.398912] UDP hash table entries: 2048 (order: 4, 65536 bytes)
[    0.401401] UDP-Lite hash table entries: 2048 (order: 4, 65536 bytes)
[    0.403909] NET: Registered protocol family 1
[    0.405698] pci 0000:00:00.0: Limiting direct PCI/PCI transfers
[    0.408035] pci 0000:00:01.0: Activating ISA DMA hang workarounds
[    0.410797] pci 0000:00:02.0: Video device with shadowed ROM at [mem 0x000c0000-0x000dffff]
[    0.415412] Unpacking initramfs...
[    0.751630] Freeing initrd memory: 19144K
[    0.752765] clocksource: tsc: mask: 0xffffffffffffffff max_cycles: 0x312742bc088, max_idle_ns: 440795245657 ns
[    0.754968] platform rtc_cmos: registered platform RTC device (no PNP device found)
[    0.756761] Scanning for low memory corruption every 60 seconds
[    0.758901] Initialise system trusted keyrings
[    0.759942] Key type blacklist registered
[    0.761010] workingset: timestamp_bits=36 max_order=20 bucket_order=0
[    0.763641] zbud: loaded
[    0.764987] squashfs: version 4.0 (2009/01/31) Phillip Lougher
[    0.766512] fuse init (API version 7.26)
[    0.770639] Key type asymmetric registered
[    0.771621] Asymmetric key parser 'x509' registered
[    0.772842] Block layer SCSI generic (bsg) driver version 0.4 loaded (major 246)
[    0.775508] io scheduler noop registered
[    0.776966] io scheduler deadline registered
[    0.779049] io scheduler cfq registered (default)
[    0.782402] ACPI: AC Adapter [AC] (on-line)
[    0.785552] input: Power Button as /devices/LNXSYSTM:00/LNXPWRBN:00/input/input0
[    0.790983] ACPI: Power Button [PWRF]
[    0.796679] input: Sleep Button as /devices/LNXSYSTM:00/LNXSLPBN:00/input/input1
[    0.798577] ACPI: Sleep Button [SLPF]
[    0.800120] Serial: 8250/16550 driver, 32 ports, IRQ sharing enabled
[    0.822415] 00:02: ttyS0 at I/O 0x3f8 (irq = 4, base_baud = 115200) is a 16550A
[    0.827950] Linux agpgart interface v0.103
[    0.830986] loop: module loaded
[    0.832604] scsi host0: ata_piix
[    0.833560] scsi host1: ata_piix
[    0.834371] ata1: PATA max UDMA/33 cmd 0x1f0 ctl 0x3f6 bmdma 0xd000 irq 14
[    0.835821] ata2: PATA max UDMA/33 cmd 0x170 ctl 0x376 bmdma 0xd008 irq 15
[    0.837706] libphy: Fixed MDIO Bus: probed
[    0.838698] tun: Universal TUN/TAP device driver, 1.6
[    0.839965] PPP generic driver version 2.4.2
[    0.841107] ehci_hcd: USB 2.0 'Enhanced' Host Controller (EHCI) Driver
[    0.842508] ehci-pci: EHCI PCI platform driver
[    0.843599] ehci-platform: EHCI generic platform driver
[    0.844820] ohci_hcd: USB 1.1 'Open' Host Controller (OHCI) Driver
[    0.846208] ohci-pci: OHCI PCI platform driver
[    0.847248] ohci-platform: OHCI generic platform driver
[    0.848474] uhci_hcd: USB Universal Host Controller Interface driver
[    0.849963] i8042: PNP: PS/2 Controller [PNP0303:PS2K,PNP0f03:PS2M] at 0x60,0x64 irq 1,12
[    0.852334] serio: i8042 KBD port at 0x60,0x64 irq 1
[    0.853504] serio: i8042 AUX port at 0x60,0x64 irq 12
[    0.854935] mousedev: PS/2 mouse device common for all mice
[    0.857081] input: AT Translated Set 2 keyboard as /devices/platform/i8042/serio0/input/input2
[    0.859229] rtc_cmos rtc_cmos: rtc core: registered rtc_cmos as rtc0
[    0.860777] rtc_cmos rtc_cmos: alarms up to one day, 114 bytes nvram
[    0.862189] i2c /dev entries driver
[    0.863087] device-mapper: uevent: version 1.0.3
[    0.865906] device-mapper: ioctl: 4.37.0-ioctl (2017-09-20) initialised: dm-devel@redhat.com
[    0.868434] ledtrig-cpu: registered to indicate activity on CPUs
[    0.870297] NET: Registered protocol family 10
[    0.877455] Segment Routing with IPv6
[    0.878356] NET: Registered protocol family 17
[    0.879478] Key type dns_resolver registered
[    0.880858] mce: Using 0 MCE banks
[    0.881688] RAS: Correctable Errors collector initialized.
[    0.882912] sched_clock: Marking stable (880816159, 0)->(1217774092, -336957933)
[    0.885383] registered taskstats version 1
[    0.886350] Loading compiled-in X.509 certificates
[    0.890893] Loaded X.509 cert 'Build time autogenerated kernel key: ff1b14b29a8b0fad041e56b58c2af39eda0766ce'
[    0.893239] zswap: loaded using pool lzo/zbud
[    0.899731] Key type big_key registered
[    0.900715] Key type trusted registered
[    0.904109] Key type encrypted registered
[    0.905057] AppArmor: AppArmor sha1 policy hashing enabled
[    0.906267] ima: No TPM chip found, activating TPM-bypass! (rc=-19)
[    0.907639] ima: Allocated hash algorithm: sha1
[    0.908794] evm: HMAC attrs: 0x1
[    0.909921]   Magic number: 11:187:458
[    0.910920] rtc_cmos rtc_cmos: setting system clock to 2019-11-15 01:28:14 UTC (1573781294)
[    0.913116] BIOS EDD facility v0.16 2004-Jun-25, 0 devices found
[    0.914464] EDD information not available.
[    0.999374] Freeing unused kernel image memory: 2436K
[    1.012109] Write protecting the kernel read-only data: 20480k
[    1.014137] Freeing unused kernel image memory: 2008K
[    1.015680] Freeing unused kernel image memory: 1972K
[    1.026135] x86/mm: Checked W+X mappings: passed, no W+X pages found.
[    1.027566] x86/mm: Checking user space page tables
[    1.037688] x86/mm: Checked W+X mappings: passed, no W+X pages found.
Loading, please wait...
starting version 237
[    1.148029] e1000: Intel(R) PRO/1000 Network Driver - version 7.3.21-k8-NAPI
[    1.151558] e1000: Copyright (c) 1999-2006 Intel Corporation.
[    1.155377] Fusion MPT base driver 3.04.20
[    1.156538] Copyright (c) 1999-2008 LSI Corporation
[    1.165436] Fusion MPT SPI Host driver 3.04.20
[    1.172353] mptbase: ioc0: Initiating bringup
[    1.180967] AVX version of gcm_enc/dec engaged.
[    1.182278] AES CTR mode by8 optimization enabled
[    1.280315] ioc0: LSI53C1030 A0: Capabilities={Initiator}
[    1.365884] input: ImExPS/2 Generic Explorer Mouse as /devices/platform/i8042/serio1/input/input4
[    1.522375] scsi host2: ioc0: LSI53C1030 A0, FwRev=00000000h, Ports=1, MaxQ=256, IRQ=20
[    1.692535] scsi 2:0:0:0: Direct-Access     VBOX     HARDDISK         1.0  PQ: 0 ANSI: 5
[    1.724127] scsi target2:0:0: Beginning Domain Validation
[    1.728516] scsi target2:0:0: Domain Validation skipping write tests
[    1.731670] scsi target2:0:0: Ending Domain Validation
[    1.736861] scsi target2:0:0: asynchronous
[    1.739536] scsi 2:0:1:0: Direct-Access     VBOX     HARDDISK         1.0  PQ: 0 ANSI: 5
[    2.060075] scsi target2:0:1: Beginning Domain Validation
[    2.064233] random: fast init done
[    2.065714] scsi target2:0:1: Domain Validation skipping write tests
[    2.068952] scsi target2:0:1: Ending Domain Validation
[    2.071752] scsi target2:0:1: asynchronous
[    2.080102] random: systemd-udevd: uninitialized urandom read (16 bytes read)
[    2.080256] sd 2:0:0:0: Attached scsi generic sg0 type 0
[    2.103217] sd 2:0:0:0: [sda] 20971520 512-byte logical blocks: (10.7 GB/10.0 GiB)
[    2.104596] random: systemd-udevd: uninitialized urandom read (16 bytes read)
[    2.121894] sd 2:0:1:0: Attached scsi generic sg1 type 0
[    2.127544] sd 2:0:1:0: [sdb] 20480 512-byte logical blocks: (10.5 MB/10.0 MiB)
[    2.131304] sd 2:0:1:0: [sdb] Write Protect is off
[    2.133808] sd 2:0:0:0: [sda] Write Protect is off
[    2.135690] e1000 0000:00:03.0 eth0: (PCI:33MHz:32-bit) 02:e2:37:e7:21:68
[    2.139510] sd 2:0:1:0: [sdb] Incomplete mode parameter data
[    2.139514] e1000 0000:00:03.0 eth0: Intel(R) PRO/1000 Network Connection
[    2.141571] sd 2:0:1:0: [sdb] Assuming drive cache: write through
[    2.144825] random: systemd-udevd: uninitialized urandom read (16 bytes read)
[    2.146091] sd 2:0:0:0: [sda] Incomplete mode parameter data
[    2.151591] sd 2:0:0:0: [sda] Assuming drive cache: write through
[    2.154262]  sda: sda1
[    2.156796] sd 2:0:1:0: [sdb] Attached SCSI disk
[    2.156892] sd 2:0:0:0: [sda] Attached SCSI disk
[    2.557663] e1000 0000:00:08.0 eth1: (PCI:33MHz:32-bit) 08:00:27:37:ac:98
[    2.559476] e1000 0000:00:08.0 eth1: Intel(R) PRO/1000 Network Connection
[    2.562972] e1000 0000:00:03.0 enp0s3: renamed from eth0
[    2.584477] e1000 0000:00:08.0 enp0s8: renamed from eth1
Begin: Loading essential drivers ... [    4.192044] raid6: sse2x1   gen()  6622 MB/s
[    4.240036] raid6: sse2x1   xor()  4824 MB/s
[    4.288038] raid6: sse2x2   gen()  8003 MB/s
[    4.336041] raid6: sse2x2   xor()  5333 MB/s
[    4.384039] raid6: sse2x4   gen()  9543 MB/s
[    4.432037] raid6: sse2x4   xor()  6470 MB/s
[    4.433045] raid6: using algorithm sse2x4 gen() 9543 MB/s
[    4.434214] raid6: .... xor() 6470 MB/s, rmw enabled
[    4.435272] raid6: using ssse3x2 recovery algorithm
[    4.438435] xor: automatically using best checksumming function   avx       
[    4.444186] async_tx: api initialized (async)
done.
Begin: Running /scripts/init-premount ... done.
Begin: Mounting root file system ... Begin: Running /scripts/local-top ... done.
Begin: Running /scripts/local-premount ... [    4.511925] Btrfs loaded, crc32c=crc32c-intel
Scanning for Btrfs filesystems
done.
Warning: fsck not present, so skipping root file system
[    4.563761] EXT4-fs (sda1): mounted filesystem with ordered data mode. Opts: (null)
done.
Begin: Running /scripts/local-bottom ... done.
Begin: Running /scripts/init-bottom ... done.
[    4.847278] ip_tables: (C) 2000-2006 Netfilter Core Team
[    4.860778] systemd[1]: systemd 237 running in system mode. (+PAM +AUDIT +SELINUX +IMA +APPARMOR +SMACK +SYSVINIT +UTMP +LIBCRYPTSETUP +GCRYPT +GNUTLS +ACL +XZ +LZ4 +SECCOMP +BLKID +ELFUTILS +KMOD -IDN2 +IDN -PCRE2 default-hierarchy=hybrid)
[    4.865300] systemd[1]: Detected virtualization oracle.
[    4.866485] systemd[1]: Detected architecture x86-64.

Welcome to [1mUbuntu 18.04.3 LTS[0m!

[    4.873756] systemd[1]: Set hostname to <ubuntu>.
[    4.878798] systemd[1]: Initializing machine ID from random generator.
[    4.882352] systemd[1]: Installed transient /etc/machine-id file.
[    5.211945] systemd[1]: Created slice System Slice.
[[0;32m  OK  [0m] Created slice System Slice.
[    5.213969] systemd[1]: Listening on udev Kernel Socket.
[[0;32m  OK  [0m] Listening on udev Kernel Socket.
[    5.216014] systemd[1]: Listening on /dev/initctl Compatibility Named Pipe.
[[0;32m  OK  [0m] Listening on /dev/initctl Compatibility Named Pipe.
[    5.218691] systemd[1]: Listening on Device-mapper event daemon FIFOs.
[[0;32m  OK  [0m] Listening on Device-mapper event daemon FIFOs.
[[0;32m  OK  [0m] Created slice User and Session Slice.
[[0;32m  OK  [0m] Reached target Slices.
[[0;32m  OK  [0m] Listening on Journal Socket (/dev/log).
[[0;32m  OK  [0m] Set up automount Arbitrary Executab…rmats File System Automount Point.
[[0;32m  OK  [0m] Listening on Journal Audit Socket.
[[0;32m  OK  [0m] Listening on Journal Socket.
         Mounting POSIX Message Queue File System...
         Starting Create list of required st…ce nodes for the current kernel...
         Mounting Huge Pages File System...
         Starting Load Kernel Modules...
[[0;32m  OK  [0m] Listening on Syslog Socket.
         Starting Remount Root and Kernel File Systems...
[[0;32m  OK  [0m] Reached target Swap.
[[0;32m  OK  [0m] Listening on LVM2 metadata daemon socket.
         Starting Monitoring of LVM2 mirrors…ng dmeventd or progress polling...
         Starting Journal Service...
         Starting Set the console keyboard layout...
[[0;32m  OK  [0m] Listening on udev Control Socket.
         Starting udev Coldplug all Devices...
[[0;32m  OK  [0m] Started Forward Password Requests to Wall Directory Watch.
[[0;32m  OK  [0m] Created slice system-serial\x2dgetty.slice.
         Starting Uncomplicated firewall...
[[0;32m  OK  [0m] Listening on Network Service Netlink Socket.
[[0;32m  OK  [0m] Listening on LVM2 poll daemon socket.
[[0;32m  OK  [0m] Reached target User and Group Name Lookups.
[[0;32m  OK  [0m] Reached target System Time Synchronized.
         Mounting Kernel Debug File System...
[[0;32m  OK  [0m] Started Create list of required sta…vice nodes for the current kernel.
         Starting Create Static Device Nodes in /dev...
[[0;32m  OK  [0m] Mounted POSIX Message Queue File System.
[[0;32m  OK  [0m] Mounted Huge Pages File System.
[[0;32m  OK  [0m] Mounted Kernel Debug File System.
[[0;32m  OK  [0m] Started LVM2 metadata daemon.
[[0;32m  OK  [0m] Started Uncomplicated firewall.
[    5.382411] Loading iSCSI transport class v2.0-870.
[[0;32m  OK  [0m] Started Create Static Device Nodes in /dev.
[    5.431445] EXT4-fs (sda1): re-mounted. Opts: (null)
[[0;32m  OK  [0m] Started Remount Root and Kernel File Systems.
[[0;32m  OK  [0m] Started udev Coldplug all Devices.
         Starting Load/Save Random Seed...
[    5.462653] iscsi: registered transport (tcp)
         Starting udev Kernel Device Manager...
[[0;32m  OK  [0m] Started Journal Service.
[[0;32m  OK  [0m] Started Monitoring of LVM2 mirrors,…sing dmeventd or progress polling.
[[0;32m  OK  [0m] Started Load/Save Random Seed.
         Starting Flush Journal to Persistent Storage...
[[0;32m  OK  [0m] Started udev Kernel Device Manager.
[    5.585442] systemd-journald[403]: Received request to flush runtime journal from PID 1
[    5.602970] iscsi: registered transport (iser)
[[0;32m  OK  [0m] Started Load Kernel Modules.
         Mounting FUSE Control File System...
         Starting Apply Kernel Variables...
         Mounting Kernel Configuration File System...
[[0;32m  OK  [0m] Mounted FUSE Control File System.
[[0;32m  OK  [0m] Mounted Kernel Configuration File System.
[[0;32m  OK  [0m] Started Flush Journal to Persistent Storage.
[[0;32m  OK  [0m] Started Apply Kernel Variables.
[[0;32m  OK  [0m] Started Set the console keyboard layout.
[[0;32m  OK  [0m] Reached target Local File Systems (Pre).
[[0;32m  OK  [0m] Reached target Local File Systems.
         Starting Create Volatile Files and Directories...
         Starting Commit a transient machine-id on disk...
         Starting Tell Plymouth To Write Out Runtime Data...
         Starting AppArmor initialization...
         Starting Set console font and keymap...
         Starting ebtables ruleset management...
[[0;32m  OK  [0m] Started Dispatch Password Requests to Console Directory Watch.
[[0;32m  OK  [0m] Reached target Local Encrypted Volumes.
[[0;32m  OK  [0m] Started Tell Plymouth To Write Out Runtime Data.
[[0;32m  OK  [0m] Started Set console font and keymap.
[[0;32m  OK  [0m] Started Create Volatile Files and Directories.
         Starting Update UTMP about System Boot/Shutdown...
[[0;32m  OK  [0m] Started Update UTMP about System Boot/Shutdown.
[[0;32m  OK  [0m] Started Commit a transient machine-id on disk.
[[0;32m  OK  [0m] Started ebtables ruleset management.
[[0;32m  OK  [0m] Found device /dev/ttyS0.
[[0;32m  OK  [0m] Listening on Load/Save RF Kill Switch Status /dev/rfkill Watch.
[[0;32m  OK  [0m] Started AppArmor initialization.
         Starting Initial cloud-init job (pre-networking)...
[    8.728266] cloud-init[554]: Cloud-init v. 19.2-24-ge7881d5c-0ubuntu1~18.04.1 running 'init-local' at Fri, 15 Nov 2019 01:28:21 +0000. Up 8.23 seconds.
[[0;32m  OK  [0m] Started Initial cloud-init job (pre-networking).
[[0;32m  OK  [0m] Reached target Network (Pre).
         Starting Network Service...
[[0;32m  OK  [0m] Started Network Service.
         Starting Wait for Network to be Configured...
         Starting Network Name Resolution...
[[0;32m  OK  [0m] Started Network Name Resolution.
[[0;32m  OK  [0m] Reached target Network.
[[0;32m  OK  [0m] Reached target Host and Network Name Lookups.
[[0;32m  OK  [0m] Started Wait for Network to be Configured.
         Starting Initial cloud-init job (metadata service crawler)...
[   11.513799] cloud-init[667]: Cloud-init v. 19.2-24-ge7881d5c-0ubuntu1~18.04.1 running 'init' at Fri, 15 Nov 2019 01:28:24 +0000. Up 11.28 seconds.
[   11.524252] cloud-init[667]: ci-info: ++++++++++++++++++++++++++++++++++++++Net device info+++++++++++++++++++++++++++++++++++++++
[   11.539966] cloud-init[667]: ci-info: +--------+-------+----------------------------+---------------+--------+-------------------+
[   11.564482] cloud-init[667]: ci-info: | Device |   Up  |          Address           |      Mask     | Scope  |     Hw-Address    |
[   11.565730] cloud-init[667]: ci-info: +--------+-------+----------------------------+---------------+--------+-------------------+
[   11.568546] cloud-init[667]: ci-info: | enp0s3 |  True |         10.0.2.15          | 255.255.255.0 | global | 02:e2:37:e7:21:68 |
[   11.570938] cloud-init[667]: ci-info: | enp0s3 |  True | fe80::e2:37ff:fee7:2168/64 |       .       |  link  | 02:e2:37:e7:21:68 |
[   11.573607] cloud-init[667]: ci-info: | enp0s8 | False |             .              |       .       |   .    | 08:00:27:37:ac:98 |
[   11.579257] cloud-init[667]: ci-info: |   lo   |  True |         127.0.0.1          |   255.0.0.0   |  host  |         .         |
[   11.580866] cloud-init[667]: ci-info: |   lo   |  True |          ::1/128           |       .       |  host  |         .         |
[   11.587658] cloud-init[667]: ci-info: +--------+-------+----------------------------+---------------+--------+-------------------+
[   11.590560] cloud-init[667]: ci-info: ++++++++++++++++++++++++++++Route IPv4 info+++++++++++++++++++++++++++++
[   11.595927] cloud-init[667]: ci-info: +-------+-------------+----------+-----------------+-----------+-------+
[   11.608757] cloud-init[667]: ci-info: | Route | Destination | Gateway  |     Genmask     | Interface | Flags |
[   11.610334] cloud-init[667]: ci-info: +-------+-------------+----------+-----------------+-----------+-------+
[   11.611493] cloud-init[667]: ci-info: |   0   |   0.0.0.0   | 10.0.2.2 |     0.0.0.0     |   enp0s3  |   UG  |
[   11.614268] cloud-init[667]: ci-info: |   1   |   10.0.2.0  | 0.0.0.0  |  255.255.255.0  |   enp0s3  |   U   |
[   11.622110] cloud-init[667]: ci-info: |   2   |   10.0.2.2  | 0.0.0.0  | 255.255.255.255 |   enp0s3  |   UH  |
[   11.623287] cloud-init[667]: ci-info: +-------+-------------+----------+-----------------+-----------+-------+
[   11.624317] cloud-init[667]: ci-info: +++++++++++++++++++Route IPv6 info+++++++++++++++++++
[   11.625245] cloud-init[667]: ci-info: +-------+-------------+---------+-----------+-------+
[   11.626102] cloud-init[667]: ci-info: | Route | Destination | Gateway | Interface | Flags |
[   11.626971] cloud-init[667]: ci-info: +-------+-------------+---------+-----------+-------+
[   11.627873] cloud-init[667]: ci-info: |   1   |  fe80::/64  |    ::   |   enp0s3  |   U   |
[   11.628766] cloud-init[667]: ci-info: |   3   |    local    |    ::   |   enp0s3  |   U   |
[   11.629556] cloud-init[667]: ci-info: |   4   |   ff00::/8  |    ::   |   enp0s3  |   U   |
[   11.630353] cloud-init[667]: ci-info: +-------+-------------+---------+-----------+-------+
[   12.594345] cloud-init[667]: Generating public/private rsa key pair.
[   12.600634] cloud-init[667]: Your identification has been saved in /etc/ssh/ssh_host_rsa_key.
[   12.601685] cloud-init[667]: Your public key has been saved in /etc/ssh/ssh_host_rsa_key.pub.
[   12.616319] cloud-init[667]: The key fingerprint is:
[   12.620829] cloud-init[667]: SHA256:aRWvw1WfOs5bPgWUYBTOCHioVCR1kEaKTUkCKGLNhnM root@ubuntu-bionic
[   12.632893] cloud-init[667]: The key's randomart image is:
[   12.642270] cloud-init[667]: +---[RSA 2048]----+
[   12.661038] cloud-init[667]: |o.=.+**=o ..=o.. |
[   12.676729] cloud-init[667]: |++ Eoo=... B .o..|
[   12.677422] [cloud-init[0;32m  OK  [0m] Started Initial cloud-init job (metadata service crawler).
[[0;32m  OK  [0m] Reached target System Initialization.
[667]: |+ =.oo .  o =. ..|
[   12.692349] [cloud-init[0;32m  OK  [0m[667]: ] |    .    + o  o  |Started Daily Cleanup of Temporary Directories.

[[0;32m  OK  [0m] Started Discard unused blocks once a week.
[   12.693735] cloud-init[667]: |        S +  o . |
[   12.694821]          Starting Socket activation for snappy daemon.
cloud-init[[0;32m  OK  [0m] Started Message of the Day.
[667]: |       .   .o . .|[[0;32m  OK  [0m] Listening on UUID daemon activation socket.
[[0;32m  OK  [0m] Listening on Open-iSCSI iscsid Socket.
[[0;32m  OK  [0m] Started Daily apt download activities.
[[0;32m  OK  [0m] Started Daily apt upgrade and clean activities.
[[0;32m  OK  [0m] Reached target Timers.

         Starting LXD - unix socket.
[[0;32m  OK  [0m] Listening on D-Bus System Message Bus Socket.
[   12.712537] cloud-init[667]: |             o ..|
[   12.728551] [cloud-init[0;32m  OK  [0m[667]: ] |              +. |Started ACPI Events Check.

[[0;32m  OK  [0m] Reached target Paths.
[   12.734582] cloud-init[667]: |             . ..|[[0;32m  OK  [0m] Listening on ACPID Listen Socket.

[[0;32m  OK  [0m] Reached target Network is Online.
[   12.736879] cloud-init[667]: +----[SHA256]-----+
[   12.737853] cloud-init[667]: Generating public/private dsa key pair.
[   12.738976] cloud-init[667]: Your identification has been saved in /etc/ssh/ssh_host_dsa_key.
         Starting Availability of block devices...
[[0;32m  OK  [0m] Reached target Remote File Systems (Pre).
[   12.748213] cloud-init[667]: Your public key has been saved in /etc/ssh/ssh_host_dsa_key.pub.
[   12.750200] cloud-init[667]: The key fingerprint is:
[[0;32m  OK  [0m] Reached target Remote File Systems.
[[0;32m  OK  [0m] Reached target Cloud-config availability.
[   12.752526] cloud-init[667]: SHA256:h0y2R7VNHxzx9YSkMokisF4E189zKtCAVp6p6PzuboI root@ubuntu-bionic
[[0;32m  OK  [0m] Listening on Socket activation for snappy daemon.
[[0;32m  OK  [0m] Listening on LXD - unix socket.
[   12.757574] cloud-init[667]: The key's randomart image is:
[   12.759911] [[0;32m  OK  [0m] Started Availability of block devices.
cloud-init[667]: +---[DSA 1024]----+
[[0;32m  OK  [0m] Reached target Sockets.
[   12.762507] [[0;32m  OK  [0m] Reached target Basic System.
cloud-init[667]: |  o++.      ..+==|
         Starting Dispatcher daemon for systemd-networkd...
[   12.777094] cloud-init[667]: |  o*.o.  . o =.+=|         
Starting Permit User Sessions...
[[0;32m  OK  [0m] Started Regular background program processing daemon.
[   12.802626]          Starting Login Service...
cloud-init[667]: | .. *o.o+ = o . +|         Starting Accounts Service...
         Starting Virtualbox guest utils...
[[0;32m  OK  [0m] Started D-Bus System Message Bus.

[   12.867930] cloud-init[667]: | o o...=++.o     |
[   12.870488] cloud-init[667]: |. o  .  S+o      |
[   12.873123] cloud-init[667]: |o     . .o       |
[   12.879705] cloud-init[667]: |.o     .         |
[   12.883063] cloud-init[667]: |E...             |
[   12.889366] cloud-init[667]: |  *=             |
[   12.890927] cloud-init[667]: +----[SHA256]-----+
[   12.895959] cloud-init[667]: Generating public/private ecdsa key pair.
[   12.900693] cloud-init[667]: Your identification has been saved in /etc/ssh/ssh_host_ecdsa_key.
[   12.904313] cloud-init[667]: Your public key has been saved in /etc/ssh/ssh_host_ecdsa_key.pub.
[   12.912794] cloud-init[667]: The key fingerprint is:
[   12.914045] cloud-init[667]: SHA256:dLFlpI6XnIDhsbyQf0N1zH34ThwJPLfElQsqOjbkSR0 root@ubuntu-bionic
[   12.921539] cloud-init[667]: The key's randomart image is:
[   12.933341] cloud-init[667]: +---[ECDSA 256]---+
[   12.935033] cloud-init[667]: |      o   o+*oo.=|
[   12.937130] cloud-init[667]: |     + = E Bo+oB.|
[   12.946389] cloud-init[667]: |    o = = = . =++|
[   12.952119] cloud-init[667]: |     o * O +   o+|
[   12.957331] cloud-init[667]: |      * S B    o |
[   12.959310] cloud-init[667]: |       O o      .|
[   12.961260] cloud-init[667]: |      . o        |
[   12.963392] cloud-init[667]: |                 |
[   12.966847] cloud-init[667]: |                 |
[   12.969351] cloud-init[667]: +----[SHA256]-----+
[   12.970797] cloud-init[667]: Generating public/private ed25519 key pair.
[   12.972810] cloud-init[667]: Your identification has been saved in /etc/ssh/ssh_host_ed25519_key.
[   12.975545] cloud-init[667]: Your public key has been saved in /etc/ssh/ssh_host_ed25519_key.pub.
[   12.978499] cloud-init[667]: The key fingerprint is:
[   12.980005] cloud-init[667]: SHA256:Umty1zMZZ6lxksmyY+dRuWa8HdFt1RUmYmhQCgI+SLM root@ubuntu-bionic
[   12.982636] cloud-init[667]: The key's randomart image is:
[   12.984357] cloud-init[667]: +--[ED25519 256]--+
[   12.985764] cloud-init[667]: | +.. . .o..o . o*|
[   12.987185] cloud-init[667]: |+ o . . .o...ooo=|
[   12.989108] cloud-init[667]: |.E     .o . B B.+|
[   12.990657] cloud-init[667]: |  .    . . + % o.|
[   12.991980] cloud-init[667]: |      o S = O =. |
         Starting System Logging Service...
[   13.011337] cloud-init[667]: |       = o + * o.|
[   13.015039] cloud-init[667]: |            . . .|
[   13.016455] cloud-init[667]: |                 |
[   13.018616] cloud-init[667]: |                 |
[   13.020531] cloud-init[667]: +----[SHA256]-----+
         Starting Pollinate to seed the pseudo random number generator...
         Starting LSB: Record successful boot for GRUB...
[[0;32m  OK  [0m] Started FUSE filesystem for LXC.
[[0;32m  OK  [0m] Started Deferred execution scheduler.
         Starting LSB: automatic crash report generation...
         Starting LXD - container startup/shutdown...
[[0;32m  OK  [0m] Started irqbalance daemon.
         Starting Snappy daemon...
[[0;32m  OK  [0m] Started System Logging Service.
[[0;32m  OK  [0m] Started Permit User Sessions.
[[0;32m  OK  [0m] Started Login Service.
         Starting Authorization Manager...
[[0;32m  OK  [0m] Started Unattended Upgrades Shutdown.
         Starting Terminate Plymouth Boot Screen...
         Starting Hold until boot process finishes up...
[[0;32m  OK  [0m] Started Terminate Plymouth Boot Screen.
[[0;32m  OK  [0m] Started Hold until boot process finishes up.
[[0;32m  OK  [0m] Started Serial Getty on ttyS0.
         Starting Set console scheme...
[[0;32m  OK  [0m] Started LSB: automatic crash report generation.
[[0;32m  OK  [0m] Started Authorization Manager.
[[0;32m  OK  [0m] Started Accounts Service.
[[0;32m  OK  [0m] Started Set console scheme.
[[0;32m  OK  [0m] Created slice system-getty.slice.
[[0;32m  OK  [0m] Started Getty on tty1.
[[0;32m  OK  [0m] Reached target Login Prompts.
[[0;32m  OK  [0m] Started LSB: Record successful boot for GRUB.
[[0;32m  OK  [0m] Started Dispatcher daemon for systemd-networkd.
[[0;32m  OK  [0m] Started Virtualbox guest utils.
[[0;32m  OK  [0m] Started LXD - container startup/shutdown.
[[0;32m  OK  [0m] Started Snappy daemon.
         Starting Wait until snapd is fully seeded...
[[0;32m  OK  [0m] Started Wait until snapd is fully seeded.
         Starting Apply the settings specified in cloud-config...
[   17.804218] cloud-init[1105]: Cloud-init v. 19.2-24-ge7881d5c-0ubuntu1~18.04.1 running 'modules:config' at Fri, 15 Nov 2019 01:28:30 +0000. Up 17.05 seconds.
[[0;32m  OK  [0m] Started Apply the settings specified in cloud-config.

Ubuntu 18.04.3 LTS ubuntu-bionic ttyS0

ubuntu-bionic login: ci-info: no authorized ssh keys fingerprints found for user ubuntu.
<14>Nov 15 01:28:34 ec2: 
<14>Nov 15 01:28:34 ec2: #############################################################
<14>Nov 15 01:28:34 ec2: -----BEGIN SSH HOST KEY FINGERPRINTS-----
<14>Nov 15 01:28:34 ec2: 1024 SHA256:h0y2R7VNHxzx9YSkMokisF4E189zKtCAVp6p6PzuboI root@ubuntu-bionic (DSA)
<14>Nov 15 01:28:34 ec2: 256 SHA256:dLFlpI6XnIDhsbyQf0N1zH34ThwJPLfElQsqOjbkSR0 root@ubuntu-bionic (ECDSA)
<14>Nov 15 01:28:34 ec2: 256 SHA256:Umty1zMZZ6lxksmyY+dRuWa8HdFt1RUmYmhQCgI+SLM root@ubuntu-bionic (ED25519)
<14>Nov 15 01:28:34 ec2: 2048 SHA256:aRWvw1WfOs5bPgWUYBTOCHioVCR1kEaKTUkCKGLNhnM root@ubuntu-bionic (RSA)
<14>Nov 15 01:28:34 ec2: -----END SSH HOST KEY FINGERPRINTS-----
<14>Nov 15 01:28:34 ec2: #############################################################
-----BEGIN SSH HOST KEY KEYS-----
ecdsa-sha2-nistp256 AAAAE2VjZHNhLXNoYTItbmlzdHAyNTYAAAAIbmlzdHAyNTYAAABBBA+CW2JMfc3m7WCw/47ZFcyRasSzny2Pk1dCN3m+wBiSH/As+bzmr/OzfoCQG3o0YWZWGNsyXMMW8BszgNmmf9I= root@ubuntu-bionic
ssh-ed25519 AAAAC3NzaC1lZDI1NTE5AAAAII83sPt26gks0YFRYCZSJBSHwArCe6exszzcM6J6SfS6 root@ubuntu-bionic
ssh-rsa AAAAB3NzaC1yc2EAAAADAQABAAABAQDOEaNYXfCzW3l7O+vfv4nd/xTQAaWnjqRIoOutA55MhNvy3z6WP7V1qW9QM8gFOsmkABQNtLLJSUW9KbYXNgq2aXF2ol1p0iankrRR7x/D6ki6a+nrzJ3THohDEG9GhBtOthOZBdq8BSW13rZPFQb2yZD7ECZwZkgKhZkQyvp5Y+dzy92wrAaYze3iqmbVxh7udBLDhelGFoKGnYufTgGz6ioMffP31oN3bVrc5pVdvMugZO8sE6dpxxpiHy/h3jnpwsOrwM/S/Dor65Ad4/32vb2fQ7HZtHJIHLqYqeJaM2Oq331bcL69UN1QYSiw7avNB0Aqk4x+YVdLRkGOXKyl root@ubuntu-bionic
-----END SSH HOST KEY KEYS-----
[   21.099413] cloud-init[1207]: Cloud-init v. 19.2-24-ge7881d5c-0ubuntu1~18.04.1 running 'modules:final' at Fri, 15 Nov 2019 01:28:34 +0000. Up 20.78 seconds.
[   21.099689] cloud-init[1207]: ci-info: no authorized ssh keys fingerprints found for user ubuntu.
[   21.099797] cloud-init[1207]: Cloud-init v. 19.2-24-ge7881d5c-0ubuntu1~18.04.1 finished at Fri, 15 Nov 2019 01:28:34 +0000. Datasource DataSourceNoCloud [seed=/dev/sdb][dsmode=net].  Up 21.08 seconds
